<?xml version="1.0" encoding="UTF-8"?>
<testng-results ignored="0" total="1" passed="1" failed="0" skipped="0">
  <reporter-output>
  </reporter-output>
  <suite started-at="2024-07-27T18:11:49 IST" name="Default suite" finished-at="2024-07-27T18:11:58 IST" duration-ms="8772">
    <groups>
    </groups>
    <test started-at="2024-07-27T18:11:49 IST" name="Default test" finished-at="2024-07-27T18:11:58 IST" duration-ms="8772">
      <class name="lamdaDemo.LaunchBrowser">
        <test-method signature="myTest()[pri:0, instance:lamdaDemo.LaunchBrowser@d9345cd]" started-at="2024-07-27T18:11:49 IST" name="myTest" finished-at="2024-07-27T18:11:58 IST" duration-ms="8720" status="PASS">
          <reporter-output>
          </reporter-output>
        </test-method> <!-- myTest -->
      </class> <!-- lamdaDemo.LaunchBrowser -->
    </test> <!-- Default test -->
  </suite> <!-- Default suite -->
</testng-results>
